{
  "meta": {
    "format": 3,
    "version": "7.6.2",
    "timestamp": "2024-10-11T00:58:21.998441",
    "branch_coverage": false,
    "show_contexts": false
  },
  "files": {
    "materials\\__init__.py": {
      "executed_lines": [
        0
      ],
      "summary": {
        "covered_lines": 0,
        "num_statements": 0,
        "percent_covered": 100.0,
        "percent_covered_display": "100",
        "missing_lines": 0,
        "excluded_lines": 0
      },
      "missing_lines": [],
      "excluded_lines": [],
      "functions": {
        "": {
          "executed_lines": [],
          "summary": {
            "covered_lines": 0,
            "num_statements": 0,
            "percent_covered": 100.0,
            "percent_covered_display": "100",
            "missing_lines": 0,
            "excluded_lines": 0
          },
          "missing_lines": [],
          "excluded_lines": []
        }
      },
      "classes": {
        "": {
          "executed_lines": [],
          "summary": {
            "covered_lines": 0,
            "num_statements": 0,
            "percent_covered": 100.0,
            "percent_covered_display": "100",
            "missing_lines": 0,
            "excluded_lines": 0
          },
          "missing_lines": [],
          "excluded_lines": []
        }
      }
    },
    "materials\\admin.py": {
      "executed_lines": [
        1,
        3,
        6,
        7,
        8
      ],
      "summary": {
        "covered_lines": 5,
        "num_statements": 5,
        "percent_covered": 100.0,
        "percent_covered_display": "100",
        "missing_lines": 0,
        "excluded_lines": 0
      },
      "missing_lines": [],
      "excluded_lines": [],
      "functions": {
        "": {
          "executed_lines": [
            1,
            3,
            6,
            7,
            8
          ],
          "summary": {
            "covered_lines": 5,
            "num_statements": 5,
            "percent_covered": 100.0,
            "percent_covered_display": "100",
            "missing_lines": 0,
            "excluded_lines": 0
          },
          "missing_lines": [],
          "excluded_lines": []
        }
      },
      "classes": {
        "LessonAdmin": {
          "executed_lines": [],
          "summary": {
            "covered_lines": 0,
            "num_statements": 0,
            "percent_covered": 100.0,
            "percent_covered_display": "100",
            "missing_lines": 0,
            "excluded_lines": 0
          },
          "missing_lines": [],
          "excluded_lines": []
        },
        "": {
          "executed_lines": [
            1,
            3,
            6,
            7,
            8
          ],
          "summary": {
            "covered_lines": 5,
            "num_statements": 5,
            "percent_covered": 100.0,
            "percent_covered_display": "100",
            "missing_lines": 0,
            "excluded_lines": 0
          },
          "missing_lines": [],
          "excluded_lines": []
        }
      }
    },
    "materials\\apps.py": {
      "executed_lines": [
        1,
        4,
        5,
        6
      ],
      "summary": {
        "covered_lines": 4,
        "num_statements": 4,
        "percent_covered": 100.0,
        "percent_covered_display": "100",
        "missing_lines": 0,
        "excluded_lines": 0
      },
      "missing_lines": [],
      "excluded_lines": [],
      "functions": {
        "": {
          "executed_lines": [
            1,
            4,
            5,
            6
          ],
          "summary": {
            "covered_lines": 4,
            "num_statements": 4,
            "percent_covered": 100.0,
            "percent_covered_display": "100",
            "missing_lines": 0,
            "excluded_lines": 0
          },
          "missing_lines": [],
          "excluded_lines": []
        }
      },
      "classes": {
        "MaterialsConfig": {
          "executed_lines": [],
          "summary": {
            "covered_lines": 0,
            "num_statements": 0,
            "percent_covered": 100.0,
            "percent_covered_display": "100",
            "missing_lines": 0,
            "excluded_lines": 0
          },
          "missing_lines": [],
          "excluded_lines": []
        },
        "": {
          "executed_lines": [
            1,
            4,
            5,
            6
          ],
          "summary": {
            "covered_lines": 4,
            "num_statements": 4,
            "percent_covered": 100.0,
            "percent_covered_display": "100",
            "missing_lines": 0,
            "excluded_lines": 0
          },
          "missing_lines": [],
          "excluded_lines": []
        }
      }
    },
    "materials\\migrations\\0001_initial.py": {
      "executed_lines": [
        3,
        4,
        7,
        9,
        11,
        13
      ],
      "summary": {
        "covered_lines": 6,
        "num_statements": 6,
        "percent_covered": 100.0,
        "percent_covered_display": "100",
        "missing_lines": 0,
        "excluded_lines": 0
      },
      "missing_lines": [],
      "excluded_lines": [],
      "functions": {
        "": {
          "executed_lines": [
            3,
            4,
            7,
            9,
            11,
            13
          ],
          "summary": {
            "covered_lines": 6,
            "num_statements": 6,
            "percent_covered": 100.0,
            "percent_covered_display": "100",
            "missing_lines": 0,
            "excluded_lines": 0
          },
          "missing_lines": [],
          "excluded_lines": []
        }
      },
      "classes": {
        "Migration": {
          "executed_lines": [],
          "summary": {
            "covered_lines": 0,
            "num_statements": 0,
            "percent_covered": 100.0,
            "percent_covered_display": "100",
            "missing_lines": 0,
            "excluded_lines": 0
          },
          "missing_lines": [],
          "excluded_lines": []
        },
        "": {
          "executed_lines": [
            3,
            4,
            7,
            9,
            11,
            13
          ],
          "summary": {
            "covered_lines": 6,
            "num_statements": 6,
            "percent_covered": 100.0,
            "percent_covered_display": "100",
            "missing_lines": 0,
            "excluded_lines": 0
          },
          "missing_lines": [],
          "excluded_lines": []
        }
      }
    },
    "materials\\migrations\\0002_course_owner_lesson_owner.py": {
      "executed_lines": [
        3,
        4,
        5,
        8,
        10,
        15
      ],
      "summary": {
        "covered_lines": 6,
        "num_statements": 6,
        "percent_covered": 100.0,
        "percent_covered_display": "100",
        "missing_lines": 0,
        "excluded_lines": 0
      },
      "missing_lines": [],
      "excluded_lines": [],
      "functions": {
        "": {
          "executed_lines": [
            3,
            4,
            5,
            8,
            10,
            15
          ],
          "summary": {
            "covered_lines": 6,
            "num_statements": 6,
            "percent_covered": 100.0,
            "percent_covered_display": "100",
            "missing_lines": 0,
            "excluded_lines": 0
          },
          "missing_lines": [],
          "excluded_lines": []
        }
      },
      "classes": {
        "Migration": {
          "executed_lines": [],
          "summary": {
            "covered_lines": 0,
            "num_statements": 0,
            "percent_covered": 100.0,
            "percent_covered_display": "100",
            "missing_lines": 0,
            "excluded_lines": 0
          },
          "missing_lines": [],
          "excluded_lines": []
        },
        "": {
          "executed_lines": [
            3,
            4,
            5,
            8,
            10,
            15
          ],
          "summary": {
            "covered_lines": 6,
            "num_statements": 6,
            "percent_covered": 100.0,
            "percent_covered_display": "100",
            "missing_lines": 0,
            "excluded_lines": 0
          },
          "missing_lines": [],
          "excluded_lines": []
        }
      }
    },
    "materials\\migrations\\__init__.py": {
      "executed_lines": [
        0
      ],
      "summary": {
        "covered_lines": 0,
        "num_statements": 0,
        "percent_covered": 100.0,
        "percent_covered_display": "100",
        "missing_lines": 0,
        "excluded_lines": 0
      },
      "missing_lines": [],
      "excluded_lines": [],
      "functions": {
        "": {
          "executed_lines": [],
          "summary": {
            "covered_lines": 0,
            "num_statements": 0,
            "percent_covered": 100.0,
            "percent_covered_display": "100",
            "missing_lines": 0,
            "excluded_lines": 0
          },
          "missing_lines": [],
          "excluded_lines": []
        }
      },
      "classes": {
        "": {
          "executed_lines": [],
          "summary": {
            "covered_lines": 0,
            "num_statements": 0,
            "percent_covered": 100.0,
            "percent_covered_display": "100",
            "missing_lines": 0,
            "excluded_lines": 0
          },
          "missing_lines": [],
          "excluded_lines": []
        }
      }
    },
    "materials\\models.py": {
      "executed_lines": [
        1,
        2,
        5,
        6,
        7,
        8,
        11,
        14,
        15,
        16,
        19,
        20,
        23,
        24,
        25,
        28,
        31,
        34,
        35,
        36
      ],
      "summary": {
        "covered_lines": 20,
        "num_statements": 20,
        "percent_covered": 100.0,
        "percent_covered_display": "100",
        "missing_lines": 0,
        "excluded_lines": 0
      },
      "missing_lines": [],
      "excluded_lines": [],
      "functions": {
        "": {
          "executed_lines": [
            1,
            2,
            5,
            6,
            7,
            8,
            11,
            14,
            15,
            16,
            19,
            20,
            23,
            24,
            25,
            28,
            31,
            34,
            35,
            36
          ],
          "summary": {
            "covered_lines": 20,
            "num_statements": 20,
            "percent_covered": 100.0,
            "percent_covered_display": "100",
            "missing_lines": 0,
            "excluded_lines": 0
          },
          "missing_lines": [],
          "excluded_lines": []
        }
      },
      "classes": {
        "Course": {
          "executed_lines": [],
          "summary": {
            "covered_lines": 0,
            "num_statements": 0,
            "percent_covered": 100.0,
            "percent_covered_display": "100",
            "missing_lines": 0,
            "excluded_lines": 0
          },
          "missing_lines": [],
          "excluded_lines": []
        },
        "Course.Meta": {
          "executed_lines": [],
          "summary": {
            "covered_lines": 0,
            "num_statements": 0,
            "percent_covered": 100.0,
            "percent_covered_display": "100",
            "missing_lines": 0,
            "excluded_lines": 0
          },
          "missing_lines": [],
          "excluded_lines": []
        },
        "Lesson": {
          "executed_lines": [],
          "summary": {
            "covered_lines": 0,
            "num_statements": 0,
            "percent_covered": 100.0,
            "percent_covered_display": "100",
            "missing_lines": 0,
            "excluded_lines": 0
          },
          "missing_lines": [],
          "excluded_lines": []
        },
        "Lesson.Meta": {
          "executed_lines": [],
          "summary": {
            "covered_lines": 0,
            "num_statements": 0,
            "percent_covered": 100.0,
            "percent_covered_display": "100",
            "missing_lines": 0,
            "excluded_lines": 0
          },
          "missing_lines": [],
          "excluded_lines": []
        },
        "": {
          "executed_lines": [
            1,
            2,
            5,
            6,
            7,
            8,
            11,
            14,
            15,
            16,
            19,
            20,
            23,
            24,
            25,
            28,
            31,
            34,
            35,
            36
          ],
          "summary": {
            "covered_lines": 20,
            "num_statements": 20,
            "percent_covered": 100.0,
            "percent_covered_display": "100",
            "missing_lines": 0,
            "excluded_lines": 0
          },
          "missing_lines": [],
          "excluded_lines": []
        }
      }
    },
    "materials\\paginators.py": {
      "executed_lines": [
        1,
        4,
        5,
        6,
        7
      ],
      "summary": {
        "covered_lines": 5,
        "num_statements": 5,
        "percent_covered": 100.0,
        "percent_covered_display": "100",
        "missing_lines": 0,
        "excluded_lines": 0
      },
      "missing_lines": [],
      "excluded_lines": [],
      "functions": {
        "": {
          "executed_lines": [
            1,
            4,
            5,
            6,
            7
          ],
          "summary": {
            "covered_lines": 5,
            "num_statements": 5,
            "percent_covered": 100.0,
            "percent_covered_display": "100",
            "missing_lines": 0,
            "excluded_lines": 0
          },
          "missing_lines": [],
          "excluded_lines": []
        }
      },
      "classes": {
        "MyPagination": {
          "executed_lines": [],
          "summary": {
            "covered_lines": 0,
            "num_statements": 0,
            "percent_covered": 100.0,
            "percent_covered_display": "100",
            "missing_lines": 0,
            "excluded_lines": 0
          },
          "missing_lines": [],
          "excluded_lines": []
        },
        "": {
          "executed_lines": [
            1,
            4,
            5,
            6,
            7
          ],
          "summary": {
            "covered_lines": 5,
            "num_statements": 5,
            "percent_covered": 100.0,
            "percent_covered_display": "100",
            "missing_lines": 0,
            "excluded_lines": 0
          },
          "missing_lines": [],
          "excluded_lines": []
        }
      }
    },
    "materials\\serializers.py": {
      "executed_lines": [
        1,
        2,
        3,
        4,
        7,
        8,
        10,
        11,
        12,
        15,
        16,
        17,
        18,
        20,
        23,
        27,
        31,
        32,
        33
      ],
      "summary": {
        "covered_lines": 19,
        "num_statements": 24,
        "percent_covered": 79.16666666666667,
        "percent_covered_display": "79",
        "missing_lines": 5,
        "excluded_lines": 0
      },
      "missing_lines": [
        21,
        24,
        25,
        28,
        29
      ],
      "excluded_lines": [],
      "functions": {
        "CourseSerializer.get_count_lessons": {
          "executed_lines": [],
          "summary": {
            "covered_lines": 0,
            "num_statements": 1,
            "percent_covered": 0.0,
            "percent_covered_display": "0",
            "missing_lines": 1,
            "excluded_lines": 0
          },
          "missing_lines": [
            21
          ],
          "excluded_lines": []
        },
        "CourseSerializer.get_lessons": {
          "executed_lines": [],
          "summary": {
            "covered_lines": 0,
            "num_statements": 2,
            "percent_covered": 0.0,
            "percent_covered_display": "0",
            "missing_lines": 2,
            "excluded_lines": 0
          },
          "missing_lines": [
            24,
            25
          ],
          "excluded_lines": []
        },
        "CourseSerializer.get_is_subscribed": {
          "executed_lines": [],
          "summary": {
            "covered_lines": 0,
            "num_statements": 2,
            "percent_covered": 0.0,
            "percent_covered_display": "0",
            "missing_lines": 2,
            "excluded_lines": 0
          },
          "missing_lines": [
            28,
            29
          ],
          "excluded_lines": []
        },
        "": {
          "executed_lines": [
            1,
            2,
            3,
            4,
            7,
            8,
            10,
            11,
            12,
            15,
            16,
            17,
            18,
            20,
            23,
            27,
            31,
            32,
            33
          ],
          "summary": {
            "covered_lines": 19,
            "num_statements": 19,
            "percent_covered": 100.0,
            "percent_covered_display": "100",
            "missing_lines": 0,
            "excluded_lines": 0
          },
          "missing_lines": [],
          "excluded_lines": []
        }
      },
      "classes": {
        "LessonSerializer": {
          "executed_lines": [],
          "summary": {
            "covered_lines": 0,
            "num_statements": 0,
            "percent_covered": 100.0,
            "percent_covered_display": "100",
            "missing_lines": 0,
            "excluded_lines": 0
          },
          "missing_lines": [],
          "excluded_lines": []
        },
        "LessonSerializer.Meta": {
          "executed_lines": [],
          "summary": {
            "covered_lines": 0,
            "num_statements": 0,
            "percent_covered": 100.0,
            "percent_covered_display": "100",
            "missing_lines": 0,
            "excluded_lines": 0
          },
          "missing_lines": [],
          "excluded_lines": []
        },
        "CourseSerializer": {
          "executed_lines": [],
          "summary": {
            "covered_lines": 0,
            "num_statements": 5,
            "percent_covered": 0.0,
            "percent_covered_display": "0",
            "missing_lines": 5,
            "excluded_lines": 0
          },
          "missing_lines": [
            21,
            24,
            25,
            28,
            29
          ],
          "excluded_lines": []
        },
        "CourseSerializer.Meta": {
          "executed_lines": [],
          "summary": {
            "covered_lines": 0,
            "num_statements": 0,
            "percent_covered": 100.0,
            "percent_covered_display": "100",
            "missing_lines": 0,
            "excluded_lines": 0
          },
          "missing_lines": [],
          "excluded_lines": []
        },
        "": {
          "executed_lines": [
            1,
            2,
            3,
            4,
            7,
            8,
            10,
            11,
            12,
            15,
            16,
            17,
            18,
            20,
            23,
            27,
            31,
            32,
            33
          ],
          "summary": {
            "covered_lines": 19,
            "num_statements": 19,
            "percent_covered": 100.0,
            "percent_covered_display": "100",
            "missing_lines": 0,
            "excluded_lines": 0
          },
          "missing_lines": [],
          "excluded_lines": []
        }
      }
    },
    "materials\\tests.py": {
      "executed_lines": [
        2,
        3,
        4,
        6,
        7,
        10,
        11,
        12,
        13,
        14,
        16,
        18,
        19,
        20,
        21,
        22,
        26,
        27,
        28,
        32,
        33,
        36,
        38,
        39,
        40,
        43,
        44,
        45,
        48,
        52,
        53,
        54,
        55,
        58,
        62,
        63,
        64,
        65,
        66,
        82,
        85,
        90,
        91,
        92,
        93,
        95,
        97,
        98,
        99,
        102,
        103,
        105,
        108,
        109,
        110,
        111
      ],
      "summary": {
        "covered_lines": 56,
        "num_statements": 56,
        "percent_covered": 100.0,
        "percent_covered_display": "100",
        "missing_lines": 0,
        "excluded_lines": 0
      },
      "missing_lines": [],
      "excluded_lines": [],
      "functions": {
        "LessonTestCase.setUp": {
          "executed_lines": [
            12,
            13,
            14,
            16
          ],
          "summary": {
            "covered_lines": 4,
            "num_statements": 4,
            "percent_covered": 100.0,
            "percent_covered_display": "100",
            "missing_lines": 0,
            "excluded_lines": 0
          },
          "missing_lines": [],
          "excluded_lines": []
        },
        "LessonTestCase.test_lesson_retrieve": {
          "executed_lines": [
            19,
            20,
            21,
            22
          ],
          "summary": {
            "covered_lines": 4,
            "num_statements": 4,
            "percent_covered": 100.0,
            "percent_covered_display": "100",
            "missing_lines": 0,
            "excluded_lines": 0
          },
          "missing_lines": [],
          "excluded_lines": []
        },
        "LessonTestCase.test_lesson_create": {
          "executed_lines": [
            27,
            28,
            32,
            33,
            36
          ],
          "summary": {
            "covered_lines": 5,
            "num_statements": 5,
            "percent_covered": 100.0,
            "percent_covered_display": "100",
            "missing_lines": 0,
            "excluded_lines": 0
          },
          "missing_lines": [],
          "excluded_lines": []
        },
        "LessonTestCase.test_lesson_update": {
          "executed_lines": [
            39,
            40,
            43,
            44,
            45,
            48
          ],
          "summary": {
            "covered_lines": 6,
            "num_statements": 6,
            "percent_covered": 100.0,
            "percent_covered_display": "100",
            "missing_lines": 0,
            "excluded_lines": 0
          },
          "missing_lines": [],
          "excluded_lines": []
        },
        "LessonTestCase.test_lesson_delete": {
          "executed_lines": [
            53,
            54,
            55,
            58
          ],
          "summary": {
            "covered_lines": 4,
            "num_statements": 4,
            "percent_covered": 100.0,
            "percent_covered_display": "100",
            "missing_lines": 0,
            "excluded_lines": 0
          },
          "missing_lines": [],
          "excluded_lines": []
        },
        "LessonTestCase.test_lesson_list": {
          "executed_lines": [
            63,
            64,
            65,
            66,
            82,
            85
          ],
          "summary": {
            "covered_lines": 6,
            "num_statements": 6,
            "percent_covered": 100.0,
            "percent_covered_display": "100",
            "missing_lines": 0,
            "excluded_lines": 0
          },
          "missing_lines": [],
          "excluded_lines": []
        },
        "SubscriptionTestCase.setUp": {
          "executed_lines": [
            92,
            93,
            95
          ],
          "summary": {
            "covered_lines": 3,
            "num_statements": 3,
            "percent_covered": 100.0,
            "percent_covered_display": "100",
            "missing_lines": 0,
            "excluded_lines": 0
          },
          "missing_lines": [],
          "excluded_lines": []
        },
        "SubscriptionTestCase.test_is_subscription": {
          "executed_lines": [
            98,
            99,
            102,
            103,
            105,
            108,
            109,
            110,
            111
          ],
          "summary": {
            "covered_lines": 9,
            "num_statements": 9,
            "percent_covered": 100.0,
            "percent_covered_display": "100",
            "missing_lines": 0,
            "excluded_lines": 0
          },
          "missing_lines": [],
          "excluded_lines": []
        },
        "": {
          "executed_lines": [
            2,
            3,
            4,
            6,
            7,
            10,
            11,
            18,
            26,
            38,
            52,
            62,
            90,
            91,
            97
          ],
          "summary": {
            "covered_lines": 15,
            "num_statements": 15,
            "percent_covered": 100.0,
            "percent_covered_display": "100",
            "missing_lines": 0,
            "excluded_lines": 0
          },
          "missing_lines": [],
          "excluded_lines": []
        }
      },
      "classes": {
        "LessonTestCase": {
          "executed_lines": [
            12,
            13,
            14,
            16,
            19,
            20,
            21,
            22,
            27,
            28,
            32,
            33,
            36,
            39,
            40,
            43,
            44,
            45,
            48,
            53,
            54,
            55,
            58,
            63,
            64,
            65,
            66,
            82,
            85
          ],
          "summary": {
            "covered_lines": 29,
            "num_statements": 29,
            "percent_covered": 100.0,
            "percent_covered_display": "100",
            "missing_lines": 0,
            "excluded_lines": 0
          },
          "missing_lines": [],
          "excluded_lines": []
        },
        "SubscriptionTestCase": {
          "executed_lines": [
            92,
            93,
            95,
            98,
            99,
            102,
            103,
            105,
            108,
            109,
            110,
            111
          ],
          "summary": {
            "covered_lines": 12,
            "num_statements": 12,
            "percent_covered": 100.0,
            "percent_covered_display": "100",
            "missing_lines": 0,
            "excluded_lines": 0
          },
          "missing_lines": [],
          "excluded_lines": []
        },
        "": {
          "executed_lines": [
            2,
            3,
            4,
            6,
            7,
            10,
            11,
            18,
            26,
            38,
            52,
            62,
            90,
            91,
            97
          ],
          "summary": {
            "covered_lines": 15,
            "num_statements": 15,
            "percent_covered": 100.0,
            "percent_covered_display": "100",
            "missing_lines": 0,
            "excluded_lines": 0
          },
          "missing_lines": [],
          "excluded_lines": []
        }
      }
    },
    "materials\\urls.py": {
      "executed_lines": [
        1,
        2,
        4,
        5,
        9,
        11,
        12,
        14
      ],
      "summary": {
        "covered_lines": 8,
        "num_statements": 8,
        "percent_covered": 100.0,
        "percent_covered_display": "100",
        "missing_lines": 0,
        "excluded_lines": 0
      },
      "missing_lines": [],
      "excluded_lines": [],
      "functions": {
        "": {
          "executed_lines": [
            1,
            2,
            4,
            5,
            9,
            11,
            12,
            14
          ],
          "summary": {
            "covered_lines": 8,
            "num_statements": 8,
            "percent_covered": 100.0,
            "percent_covered_display": "100",
            "missing_lines": 0,
            "excluded_lines": 0
          },
          "missing_lines": [],
          "excluded_lines": []
        }
      },
      "classes": {
        "": {
          "executed_lines": [
            1,
            2,
            4,
            5,
            9,
            11,
            12,
            14
          ],
          "summary": {
            "covered_lines": 8,
            "num_statements": 8,
            "percent_covered": 100.0,
            "percent_covered_display": "100",
            "missing_lines": 0,
            "excluded_lines": 0
          },
          "missing_lines": [],
          "excluded_lines": []
        }
      }
    },
    "materials\\validators.py": {
      "executed_lines": [
        1,
        3,
        6,
        7
      ],
      "summary": {
        "covered_lines": 4,
        "num_statements": 5,
        "percent_covered": 80.0,
        "percent_covered_display": "80",
        "missing_lines": 1,
        "excluded_lines": 0
      },
      "missing_lines": [
        8
      ],
      "excluded_lines": [],
      "functions": {
        "validate_allow_links": {
          "executed_lines": [
            7
          ],
          "summary": {
            "covered_lines": 1,
            "num_statements": 2,
            "percent_covered": 50.0,
            "percent_covered_display": "50",
            "missing_lines": 1,
            "excluded_lines": 0
          },
          "missing_lines": [
            8
          ],
          "excluded_lines": []
        },
        "": {
          "executed_lines": [
            1,
            3,
            6
          ],
          "summary": {
            "covered_lines": 3,
            "num_statements": 3,
            "percent_covered": 100.0,
            "percent_covered_display": "100",
            "missing_lines": 0,
            "excluded_lines": 0
          },
          "missing_lines": [],
          "excluded_lines": []
        }
      },
      "classes": {
        "": {
          "executed_lines": [
            1,
            3,
            6,
            7
          ],
          "summary": {
            "covered_lines": 4,
            "num_statements": 5,
            "percent_covered": 80.0,
            "percent_covered_display": "80",
            "missing_lines": 1,
            "excluded_lines": 0
          },
          "missing_lines": [
            8
          ],
          "excluded_lines": []
        }
      }
    },
    "materials\\views.py": {
      "executed_lines": [
        1,
        4,
        6,
        7,
        8,
        10,
        12,
        15,
        16,
        17,
        18,
        19,
        21,
        27,
        32,
        42,
        43,
        44,
        45,
        47,
        48,
        49,
        50,
        53,
        54,
        55,
        56,
        58,
        59,
        60,
        61,
        62,
        65,
        66,
        67,
        68,
        71,
        72,
        73,
        74,
        77,
        78,
        79,
        80
      ],
      "summary": {
        "covered_lines": 44,
        "num_statements": 58,
        "percent_covered": 75.86206896551724,
        "percent_covered_display": "76",
        "missing_lines": 14,
        "excluded_lines": 0
      },
      "missing_lines": [
        22,
        23,
        24,
        25,
        28,
        29,
        30,
        33,
        34,
        35,
        36,
        37,
        38,
        39
      ],
      "excluded_lines": [],
      "functions": {
        "CourseViewSet.get": {
          "executed_lines": [],
          "summary": {
            "covered_lines": 0,
            "num_statements": 4,
            "percent_covered": 0.0,
            "percent_covered_display": "0",
            "missing_lines": 4,
            "excluded_lines": 0
          },
          "missing_lines": [
            22,
            23,
            24,
            25
          ],
          "excluded_lines": []
        },
        "CourseViewSet.perform_create": {
          "executed_lines": [],
          "summary": {
            "covered_lines": 0,
            "num_statements": 3,
            "percent_covered": 0.0,
            "percent_covered_display": "0",
            "missing_lines": 3,
            "excluded_lines": 0
          },
          "missing_lines": [
            28,
            29,
            30
          ],
          "excluded_lines": []
        },
        "CourseViewSet.get_permissions": {
          "executed_lines": [],
          "summary": {
            "covered_lines": 0,
            "num_statements": 7,
            "percent_covered": 0.0,
            "percent_covered_display": "0",
            "missing_lines": 7,
            "excluded_lines": 0
          },
          "missing_lines": [
            33,
            34,
            35,
            36,
            37,
            38,
            39
          ],
          "excluded_lines": []
        },
        "LessonCreateAPIView.perform_create": {
          "executed_lines": [
            48,
            49,
            50
          ],
          "summary": {
            "covered_lines": 3,
            "num_statements": 3,
            "percent_covered": 100.0,
            "percent_covered_display": "100",
            "missing_lines": 0,
            "excluded_lines": 0
          },
          "missing_lines": [],
          "excluded_lines": []
        },
        "LessonListAPIView.get": {
          "executed_lines": [
            59,
            60,
            61,
            62
          ],
          "summary": {
            "covered_lines": 4,
            "num_statements": 4,
            "percent_covered": 100.0,
            "percent_covered_display": "100",
            "missing_lines": 0,
            "excluded_lines": 0
          },
          "missing_lines": [],
          "excluded_lines": []
        },
        "": {
          "executed_lines": [
            1,
            4,
            6,
            7,
            8,
            10,
            12,
            15,
            16,
            17,
            18,
            19,
            21,
            27,
            32,
            42,
            43,
            44,
            45,
            47,
            53,
            54,
            55,
            56,
            58,
            65,
            66,
            67,
            68,
            71,
            72,
            73,
            74,
            77,
            78,
            79,
            80
          ],
          "summary": {
            "covered_lines": 37,
            "num_statements": 37,
            "percent_covered": 100.0,
            "percent_covered_display": "100",
            "missing_lines": 0,
            "excluded_lines": 0
          },
          "missing_lines": [],
          "excluded_lines": []
        }
      },
      "classes": {
        "CourseViewSet": {
          "executed_lines": [],
          "summary": {
            "covered_lines": 0,
            "num_statements": 14,
            "percent_covered": 0.0,
            "percent_covered_display": "0",
            "missing_lines": 14,
            "excluded_lines": 0
          },
          "missing_lines": [
            22,
            23,
            24,
            25,
            28,
            29,
            30,
            33,
            34,
            35,
            36,
            37,
            38,
            39
          ],
          "excluded_lines": []
        },
        "LessonCreateAPIView": {
          "executed_lines": [
            48,
            49,
            50
          ],
          "summary": {
            "covered_lines": 3,
            "num_statements": 3,
            "percent_covered": 100.0,
            "percent_covered_display": "100",
            "missing_lines": 0,
            "excluded_lines": 0
          },
          "missing_lines": [],
          "excluded_lines": []
        },
        "LessonListAPIView": {
          "executed_lines": [
            59,
            60,
            61,
            62
          ],
          "summary": {
            "covered_lines": 4,
            "num_statements": 4,
            "percent_covered": 100.0,
            "percent_covered_display": "100",
            "missing_lines": 0,
            "excluded_lines": 0
          },
          "missing_lines": [],
          "excluded_lines": []
        },
        "LessonRetrieveAPIView": {
          "executed_lines": [],
          "summary": {
            "covered_lines": 0,
            "num_statements": 0,
            "percent_covered": 100.0,
            "percent_covered_display": "100",
            "missing_lines": 0,
            "excluded_lines": 0
          },
          "missing_lines": [],
          "excluded_lines": []
        },
        "LessonUpdateAPIView": {
          "executed_lines": [],
          "summary": {
            "covered_lines": 0,
            "num_statements": 0,
            "percent_covered": 100.0,
            "percent_covered_display": "100",
            "missing_lines": 0,
            "excluded_lines": 0
          },
          "missing_lines": [],
          "excluded_lines": []
        },
        "LessonDestroyAPIView": {
          "executed_lines": [],
          "summary": {
            "covered_lines": 0,
            "num_statements": 0,
            "percent_covered": 100.0,
            "percent_covered_display": "100",
            "missing_lines": 0,
            "excluded_lines": 0
          },
          "missing_lines": [],
          "excluded_lines": []
        },
        "": {
          "executed_lines": [
            1,
            4,
            6,
            7,
            8,
            10,
            12,
            15,
            16,
            17,
            18,
            19,
            21,
            27,
            32,
            42,
            43,
            44,
            45,
            47,
            53,
            54,
            55,
            56,
            58,
            65,
            66,
            67,
            68,
            71,
            72,
            73,
            74,
            77,
            78,
            79,
            80
          ],
          "summary": {
            "covered_lines": 37,
            "num_statements": 37,
            "percent_covered": 100.0,
            "percent_covered_display": "100",
            "missing_lines": 0,
            "excluded_lines": 0
          },
          "missing_lines": [],
          "excluded_lines": []
        }
      }
    }
  },
  "totals": {
    "covered_lines": 177,
    "num_statements": 197,
    "percent_covered": 89.84771573604061,
    "percent_covered_display": "90",
    "missing_lines": 20,
    "excluded_lines": 0
  }
}